<?xml version="1.0" encoding="UTF-8"?>
<!-- Generated by org.testng.reporters.JUnitXMLReporter -->
<testsuite ignored="2" hostname="DESKTOP-DJ4FDME" failures="0" tests="2" name="Test" time="26.839" errors="0" timestamp="2024-04-10T20:18:53 IST">
  <testcase classname="org.xyz.automation.fb.KeyboardMouseOperation" name="handleFrames" time="23.999"/>
  <testcase classname="org.xyz.automation.fb.KeyboardMouseOperation" name="handlealerts" time="2.776"/>
  <testcase classname="org.xyz.automation.fb.KeyboardMouseOperation" name="handleKeyboard" time="0.0">
    <ignored/>
  </testcase> <!-- handleKeyboard -->
  <testcase classname="org.xyz.automation.fb.KeyboardMouseOperation" name="hanldeMouse" time="0.0">
    <ignored/>
  </testcase> <!-- hanldeMouse -->
</testsuite> <!-- Test -->
