<?xml version="1.0" encoding="UTF-8"?>
<testng-results ignored="0" total="1" passed="1" failed="0" skipped="0">
  <reporter-output>
  </reporter-output>
  <suite started-at="2024-04-15T20:11:59 IST" name="Default suite" finished-at="2024-04-15T20:12:07 IST" duration-ms="8640">
    <groups>
    </groups>
    <test started-at="2024-04-15T20:11:59 IST" name="Default test" finished-at="2024-04-15T20:12:07 IST" duration-ms="8640">
      <class name="org.wipro.auto.fb.testcases.SignUpTC">
        <test-method is-config="true" signature="launchBrowser()[pri:0, instance:org.wipro.auto.fb.testcases.SignUpTC@5824a83d]" started-at="2024-04-15T20:11:59 IST" name="launchBrowser" finished-at="2024-04-15T20:12:05 IST" duration-ms="5772" status="PASS">
          <reporter-output>
          </reporter-output>
        </test-method> <!-- launchBrowser -->
        <test-method signature="validatesignupfunc()[pri:0, instance:org.wipro.auto.fb.testcases.SignUpTC@5824a83d]" started-at="2024-04-15T20:12:05 IST" name="validatesignupfunc" finished-at="2024-04-15T20:12:06 IST" duration-ms="1300" status="PASS">
          <reporter-output>
          </reporter-output>
        </test-method> <!-- validatesignupfunc -->
        <test-method is-config="true" signature="closeBrowser()[pri:0, instance:org.wipro.auto.fb.testcases.SignUpTC@5824a83d]" started-at="2024-04-15T20:12:06 IST" name="closeBrowser" finished-at="2024-04-15T20:12:07 IST" duration-ms="1488" status="PASS">
          <reporter-output>
          </reporter-output>
        </test-method> <!-- closeBrowser -->
      </class> <!-- org.wipro.auto.fb.testcases.SignUpTC -->
    </test> <!-- Default test -->
  </suite> <!-- Default suite -->
</testng-results>
